<?xml version="1.0" encoding="UTF-8"?>
<testng-results ignored="0" total="3" passed="3" failed="0" skipped="0">
  <reporter-output>
  </reporter-output>
  <suite started-at="2021-07-15T12:37:26 IST" name="Default suite" finished-at="2021-07-15T12:37:31 IST" duration-ms="4891">
    <groups>
    </groups>
    <test started-at="2021-07-15T12:37:26 IST" name="Default test" finished-at="2021-07-15T12:37:31 IST" duration-ms="4891">
      <class name="gitHubProject.GitHubSSHTest">
        <test-method is-config="true" signature="setUp()[pri:0, instance:gitHubProject.GitHubSSHTest@3d121db3]" started-at="2021-07-15T12:37:26 IST" name="setUp" finished-at="2021-07-15T12:37:27 IST" duration-ms="1086" status="PASS">
          <reporter-output>
          </reporter-output>
        </test-method> <!-- setUp -->
        <test-method signature="sshPost()[pri:1, instance:gitHubProject.GitHubSSHTest@3d121db3]" started-at="2021-07-15T12:37:27 IST" name="sshPost" finished-at="2021-07-15T12:37:30 IST" duration-ms="2806" status="PASS">
          <reporter-output>
          </reporter-output>
        </test-method> <!-- sshPost -->
        <test-method signature="sshGet()[pri:2, instance:gitHubProject.GitHubSSHTest@3d121db3]" started-at="2021-07-15T12:37:30 IST" name="sshGet" finished-at="2021-07-15T12:37:31 IST" duration-ms="469" status="PASS">
          <reporter-output>
          </reporter-output>
        </test-method> <!-- sshGet -->
        <test-method signature="sshDelete()[pri:3, instance:gitHubProject.GitHubSSHTest@3d121db3]" started-at="2021-07-15T12:37:31 IST" name="sshDelete" finished-at="2021-07-15T12:37:31 IST" duration-ms="480" status="PASS">
          <reporter-output>
          </reporter-output>
        </test-method> <!-- sshDelete -->
      </class> <!-- gitHubProject.GitHubSSHTest -->
    </test> <!-- Default test -->
  </suite> <!-- Default suite -->
</testng-results>
