<?xml version="1.0" encoding="UTF-8"?>
<!-- Generated by org.testng.reporters.JUnitXMLReporter -->
<testsuite ignored="0" hostname="nikman12" failures="0" tests="3" name="Default test" time="4.891" errors="0" timestamp="2021-07-15T12:37:31 IST">
  <testcase classname="gitHubProject.GitHubSSHTest" name="sshPost" time="2.806"/>
  <testcase classname="gitHubProject.GitHubSSHTest" name="sshGet" time="0.469"/>
  <testcase classname="gitHubProject.GitHubSSHTest" name="sshDelete" time="0.48"/>
</testsuite> <!-- Default test -->
